d:\lab_dh\2016봄\mcmc\mcmc\release\vc120.pdb
d:\lab_dh\2016봄\mcmc\mcmc\release\tally.obj
d:\lab_dh\2016봄\mcmc\mcmc\release\source.obj
d:\lab_dh\2016봄\mcmc\mcmc\release\rng.obj
d:\lab_dh\2016봄\mcmc\mcmc\release\readinput.obj
d:\lab_dh\2016봄\mcmc\mcmc\release\readcx.obj
d:\lab_dh\2016봄\mcmc\mcmc\release\ptcrun.obj
d:\lab_dh\2016봄\mcmc\mcmc\release\particle.obj
d:\lab_dh\2016봄\mcmc\mcmc\release\mcman.obj
d:\lab_dh\2016봄\mcmc\mcmc\release\main.obj
d:\lab_dh\2016봄\mcmc\mcmc\release\cell.obj
d:\lab_dh\2016봄\mcmc\release\mcmc.exe
c:\windows\pcdrm\dump\20160617_nsccor03.log
c:\windows\pcdrm\dump\20160617_nfd01.log
c:\windows\pcdrm\dump\20160617_nsccor01.log
d:\lab_dh\2016봄\mcmc\release\mcmc.pdb
d:\lab_dh\2016봄\mcmc\mcmc\release\mcmc.tlog\cl.command.1.tlog
d:\lab_dh\2016봄\mcmc\mcmc\release\mcmc.tlog\cl.read.1.tlog
d:\lab_dh\2016봄\mcmc\mcmc\release\mcmc.tlog\cl.write.1.tlog
d:\lab_dh\2016봄\mcmc\mcmc\release\mcmc.tlog\link.command.1.tlog
d:\lab_dh\2016봄\mcmc\mcmc\release\mcmc.tlog\link.read.1.tlog
d:\lab_dh\2016봄\mcmc\mcmc\release\mcmc.tlog\link.write.1.tlog
