d:\lab_dh\2016봄\mcmc - sine fitting,buckling - 복사본\mcmc\debug\vc120.pdb
d:\lab_dh\2016봄\mcmc - sine fitting,buckling - 복사본\mcmc\debug\vc120.idb
d:\lab_dh\2016봄\mcmc - sine fitting,buckling - 복사본\mcmc\debug\cell.nativecodeanalysis.xml
d:\lab_dh\2016봄\mcmc - sine fitting,buckling - 복사본\mcmc\debug\main.nativecodeanalysis.xml
d:\lab_dh\2016봄\mcmc - sine fitting,buckling - 복사본\mcmc\debug\mcman.nativecodeanalysis.xml
d:\lab_dh\2016봄\mcmc - sine fitting,buckling - 복사본\mcmc\debug\particle.nativecodeanalysis.xml
d:\lab_dh\2016봄\mcmc - sine fitting,buckling - 복사본\mcmc\debug\ptcrun.nativecodeanalysis.xml
d:\lab_dh\2016봄\mcmc - sine fitting,buckling - 복사본\mcmc\debug\readcx.nativecodeanalysis.xml
d:\lab_dh\2016봄\mcmc - sine fitting,buckling - 복사본\mcmc\debug\readinput.nativecodeanalysis.xml
d:\lab_dh\2016봄\mcmc - sine fitting,buckling - 복사본\mcmc\debug\rng.nativecodeanalysis.xml
d:\lab_dh\2016봄\mcmc - sine fitting,buckling - 복사본\mcmc\debug\source.nativecodeanalysis.xml
d:\lab_dh\2016봄\mcmc - sine fitting,buckling - 복사본\mcmc\debug\tally.nativecodeanalysis.xml
d:\lab_dh\2016봄\mcmc - sine fitting,buckling - 복사본\mcmc\debug\tally.obj
d:\lab_dh\2016봄\mcmc - sine fitting,buckling - 복사본\mcmc\debug\source.obj
d:\lab_dh\2016봄\mcmc - sine fitting,buckling - 복사본\mcmc\debug\rng.obj
d:\lab_dh\2016봄\mcmc - sine fitting,buckling - 복사본\mcmc\debug\readinput.obj
d:\lab_dh\2016봄\mcmc - sine fitting,buckling - 복사본\mcmc\debug\readcx.obj
d:\lab_dh\2016봄\mcmc - sine fitting,buckling - 복사본\mcmc\debug\ptcrun.obj
d:\lab_dh\2016봄\mcmc - sine fitting,buckling - 복사본\mcmc\debug\particle.obj
d:\lab_dh\2016봄\mcmc - sine fitting,buckling - 복사본\mcmc\debug\mcman.obj
d:\lab_dh\2016봄\mcmc - sine fitting,buckling - 복사본\mcmc\debug\main.obj
d:\lab_dh\2016봄\mcmc - sine fitting,buckling - 복사본\mcmc\debug\cell.obj
d:\lab_dh\2016봄\mcmc\mcmc\debug\vc120.pdb
d:\lab_dh\2016봄\mcmc\mcmc\debug\vc120.idb
d:\lab_dh\2016봄\mcmc\mcmc\debug\cell.obj
d:\lab_dh\2016봄\mcmc\mcmc\debug\main.obj
d:\lab_dh\2016봄\mcmc\mcmc\debug\mcman.obj
d:\lab_dh\2016봄\mcmc\mcmc\debug\particle.obj
d:\lab_dh\2016봄\mcmc\mcmc\debug\ptcrun.obj
d:\lab_dh\2016봄\mcmc\mcmc\debug\readcx.obj
d:\lab_dh\2016봄\mcmc\mcmc\debug\readinput.obj
d:\lab_dh\2016봄\mcmc\mcmc\debug\rng.obj
d:\lab_dh\2016봄\mcmc\mcmc\debug\source.obj
d:\lab_dh\2016봄\mcmc\mcmc\debug\tally.obj
d:\lab_dh\2016봄\mcmc\debug\mcmc.exe
c:\windows\pcdrm\dump\20160617_nsccor03.log
c:\windows\pcdrm\dump\20160617_nfd01.log
c:\windows\pcdrm\dump\20160617_nsccor01.log
d:\lab_dh\2016봄\mcmc\debug\mcmc.pdb
d:\lab_dh\2016봄\mcmc\mcmc\debug\nativecodeanalysis.read.1.tlog
d:\lab_dh\2016봄\mcmc\mcmc\debug\cell.nativecodeanalysis.xml
d:\lab_dh\2016봄\mcmc\mcmc\debug\main.nativecodeanalysis.xml
d:\lab_dh\2016봄\mcmc\mcmc\debug\mcman.nativecodeanalysis.xml
d:\lab_dh\2016봄\mcmc\mcmc\debug\particle.nativecodeanalysis.xml
d:\lab_dh\2016봄\mcmc\mcmc\debug\ptcrun.nativecodeanalysis.xml
d:\lab_dh\2016봄\mcmc\mcmc\debug\readcx.nativecodeanalysis.xml
d:\lab_dh\2016봄\mcmc\mcmc\debug\readinput.nativecodeanalysis.xml
d:\lab_dh\2016봄\mcmc\mcmc\debug\rng.nativecodeanalysis.xml
d:\lab_dh\2016봄\mcmc\mcmc\debug\source.nativecodeanalysis.xml
d:\lab_dh\2016봄\mcmc\mcmc\debug\tally.nativecodeanalysis.xml
d:\lab_dh\2016봄\mcmc\mcmc\debug\vc.nativecodeanalysis.all.xml
d:\lab_dh\2016봄\mcmc\debug\mcmc.exe.lastcodeanalysissucceeded
d:\lab_dh\2016봄\mcmc\mcmc\debug\mcmc.tlog\cl.command.1.tlog
d:\lab_dh\2016봄\mcmc\mcmc\debug\mcmc.tlog\cl.read.1.tlog
d:\lab_dh\2016봄\mcmc\mcmc\debug\mcmc.tlog\cl.write.1.tlog
d:\lab_dh\2016봄\mcmc\mcmc\debug\mcmc.tlog\link.command.1.tlog
d:\lab_dh\2016봄\mcmc\mcmc\debug\mcmc.tlog\link.read.1.tlog
d:\lab_dh\2016봄\mcmc\mcmc\debug\mcmc.tlog\link.write.1.tlog
